<?xml version="1.0" encoding="UTF-8"?>
<testng-results ignored="0" total="1" passed="1" failed="0" skipped="0">
  <reporter-output>
  </reporter-output>
  <suite started-at="2024-10-10T09:32:05 UTC" name="Default suite" finished-at="2024-10-10T09:32:08 UTC" duration-ms="3222">
    <groups>
    </groups>
    <test started-at="2024-10-10T09:32:05 UTC" name="Default test" finished-at="2024-10-10T09:32:08 UTC" duration-ms="3222">
      <class name="NotesAssignment_User.update_User">
        <test-method is-config="true" signature="Login()[pri:0, instance:NotesAssignment_User.update_User@776aec5c]" started-at="2024-10-10T09:32:05 UTC" name="Login" finished-at="2024-10-10T09:32:08 UTC" duration-ms="2965" status="PASS">
          <reporter-output>
          </reporter-output>
        </test-method> <!-- Login -->
        <test-method signature="update()[pri:0, instance:NotesAssignment_User.update_User@776aec5c]" started-at="2024-10-10T09:32:08 UTC" name="update" finished-at="2024-10-10T09:32:08 UTC" duration-ms="195" status="PASS">
          <reporter-output>
          </reporter-output>
        </test-method> <!-- update -->
      </class> <!-- NotesAssignment_User.update_User -->
    </test> <!-- Default test -->
  </suite> <!-- Default suite -->
</testng-results>
